mode: set
github.com/gayanhewa/hierarchy/hierarchy.go:14.53,19.2 1 1
github.com/gayanhewa/hierarchy/hierarchy.go:22.72,24.16 2 1
github.com/gayanhewa/hierarchy/hierarchy.go:27.2,29.38 3 1
github.com/gayanhewa/hierarchy/hierarchy.go:24.16,26.3 1 1
github.com/gayanhewa/hierarchy/hierarchy.go:33.75,35.31 2 1
github.com/gayanhewa/hierarchy/hierarchy.go:41.2,41.26 1 1
github.com/gayanhewa/hierarchy/hierarchy.go:44.2,44.31 1 1
github.com/gayanhewa/hierarchy/hierarchy.go:47.2,47.12 1 0
github.com/gayanhewa/hierarchy/hierarchy.go:35.31,36.28 1 1
github.com/gayanhewa/hierarchy/hierarchy.go:36.28,39.4 2 1
github.com/gayanhewa/hierarchy/hierarchy.go:41.26,43.3 1 1
github.com/gayanhewa/hierarchy/hierarchy.go:44.31,46.3 1 1
github.com/gayanhewa/hierarchy/hierarchy.go:51.70,52.29 1 1
github.com/gayanhewa/hierarchy/hierarchy.go:59.2,59.14 1 1
github.com/gayanhewa/hierarchy/hierarchy.go:52.29,53.32 1 1
github.com/gayanhewa/hierarchy/hierarchy.go:53.32,54.28 1 1
github.com/gayanhewa/hierarchy/hierarchy.go:54.28,56.5 1 1
github.com/gayanhewa/hierarchy/hierarchy.go:63.71,64.31 1 1
github.com/gayanhewa/hierarchy/hierarchy.go:69.2,69.44 1 1
github.com/gayanhewa/hierarchy/hierarchy.go:64.31,65.24 1 1
github.com/gayanhewa/hierarchy/hierarchy.go:65.24,67.4 1 1
